#
# There is insufficient memory for the Java Runtime Environment to continue.
# Native memory allocation (malloc) failed to allocate 32744 bytes for ChunkPool::allocate
# Possible reasons:
#   The system is out of physical RAM or swap space
#   The process is running with CompressedOops enabled, and the Java Heap may be blocking the growth of the native heap
# Possible solutions:
#   Reduce memory load on the system
#   Increase physical memory or swap space
#   Check if swap backing store is full
#   Decrease Java heap size (-Xmx/-Xms)
#   Decrease number of Java threads
#   Decrease Java thread stack sizes (-Xss)
#   Set larger code cache with -XX:ReservedCodeCacheSize=
#   JVM is running with Unscaled Compressed Oops mode in which the Java heap is
#     placed in the first 4GB address space. The Java Heap base address is the
#     maximum limit for the native heap growth. Please use -XX:HeapBaseMinAddress
#     to set the Java Heap base and to place the Java Heap above 4GB virtual address.
# This output file may be truncated or incomplete.
#
#  Out of Memory Error (./open/src/hotspot/share/memory/arena.cpp:81), pid=13356, tid=9252
#
# JRE version: Java(TM) SE Runtime Environment 18.9 (11.0.12+8) (build 11.0.12+8-LTS-237)
# Java VM: Java HotSpot(TM) 64-Bit Server VM 18.9 (11.0.12+8-LTS-237, mixed mode, tiered, compressed oops, g1 gc, windows-amd64)
# No core dump will be written. Minidumps are not enabled by default on client versions of Windows
#

---------------  S U M M A R Y ------------

Command Line: -ea -Dfile.encoding=Cp1252 org.testng.remote.RemoteTestNG -serport 59056 -protocol json -d C:\Users\sneha\eclipse-workspace\Selenium_Study\test-output C:\Users\sneha\AppData\Local\Temp\testng-eclipse--1970628695\testng-customsuite.xml

Host: Intel(R) Core(TM) i3-7020U CPU @ 2.30GHz, 4 cores, 7G,  Windows 10 , 64 bit Build 19041 (10.0.19041.1706)
Time: Wed Jun 15 13:33:43 2022 India Standard Time elapsed time: 93.502423 seconds (0d 0h 1m 33s)

---------------  T H R E A D  ---------------

Current thread (0x000001ab78fd5000):  JavaThread "C2 CompilerThread0" daemon [_thread_in_native, id=9252, stack(0x0000003ed3900000,0x0000003ed3a00000)]


Current CompileTask:
C2:  93502 2328       4       java.util.HashMap::resize (356 bytes)

Stack: [0x0000003ed3900000,0x0000003ed3a00000]
Native frames: (J=compiled Java code, j=interpreted, Vv=VM code, C=native code)
V  [jvm.dll+0x617d9a]
V  [jvm.dll+0x74eeef]
V  [jvm.dll+0x750599]
V  [jvm.dll+0x750c23]
V  [jvm.dll+0x2438d8]
V  [jvm.dll+0xba93b]
V  [jvm.dll+0xbac9c]
V  [jvm.dll+0x66973e]
V  [jvm.dll+0x193f70]
V  [jvm.dll+0x1fd212]
V  [jvm.dll+0x1fc2ed]
V  [jvm.dll+0x17f18c]
V  [jvm.dll+0x20b87c]
V  [jvm.dll+0x20997b]
V  [jvm.dll+0x716359]
V  [jvm.dll+0x70f064]
V  [jvm.dll+0x616f66]
C  [ucrtbase.dll+0x21bb2]
C  [KERNEL32.DLL+0x17034]
C  [ntdll.dll+0x52651]


---------------  P R O C E S S  ---------------

Threads class SMR info:
_java_thread_list=0x000001ab7b09f480, length=33, elements={
0x000001ab69b39800, 0x000001ab78fa9000, 0x000001ab78fb4000, 0x000001ab78fc1800,
0x000001ab78fc3800, 0x000001ab78fcd800, 0x000001ab78fd5000, 0x000001ab78fd9000,
0x000001ab78fde800, 0x000001ab79a9f800, 0x000001ab7ac7f800, 0x000001ab7a561000,
0x000001ab7a216000, 0x000001ab7a976800, 0x000001ab7adc0800, 0x000001ab7aedc000,
0x000001ab7adf5800, 0x000001ab7aed7000, 0x000001ab7af98000, 0x000001ab7af99000,
0x000001ab7af93800, 0x000001ab7af9a000, 0x000001ab7a2c9800, 0x000001ab7a2c7000,
0x000001ab7a2c4800, 0x000001ab7a2ca000, 0x000001ab7a2c7800, 0x000001ab7a2cb000,
0x000001ab7a2c8800, 0x000001ab7a2c5800, 0x000001ab7a2cc000, 0x000001ab7a2c6000,
0x000001ab7a2ce000
}

Java Threads: ( => current thread )
  0x000001ab69b39800 JavaThread "main" [_thread_in_Java, id=14960, stack(0x0000003ed2d00000,0x0000003ed2e00000)]
  0x000001ab78fa9000 JavaThread "Reference Handler" daemon [_thread_blocked, id=12160, stack(0x0000003ed3400000,0x0000003ed3500000)]
  0x000001ab78fb4000 JavaThread "Finalizer" daemon [_thread_blocked, id=7644, stack(0x0000003ed3500000,0x0000003ed3600000)]
  0x000001ab78fc1800 JavaThread "Signal Dispatcher" daemon [_thread_blocked, id=10616, stack(0x0000003ed3600000,0x0000003ed3700000)]
  0x000001ab78fc3800 JavaThread "Attach Listener" daemon [_thread_blocked, id=4044, stack(0x0000003ed3700000,0x0000003ed3800000)]
  0x000001ab78fcd800 JavaThread "Service Thread" daemon [_thread_blocked, id=14460, stack(0x0000003ed3800000,0x0000003ed3900000)]
=>0x000001ab78fd5000 JavaThread "C2 CompilerThread0" daemon [_thread_in_native, id=9252, stack(0x0000003ed3900000,0x0000003ed3a00000)]
  0x000001ab78fd9000 JavaThread "C1 CompilerThread0" daemon [_thread_in_native, id=9536, stack(0x0000003ed3a00000,0x0000003ed3b00000)]
  0x000001ab78fde800 JavaThread "Sweeper thread" daemon [_thread_blocked, id=16068, stack(0x0000003ed3b00000,0x0000003ed3c00000)]
  0x000001ab79a9f800 JavaThread "Common-Cleaner" daemon [_thread_blocked, id=10628, stack(0x0000003ed3d00000,0x0000003ed3e00000)]
  0x000001ab7ac7f800 JavaThread "ReaderThread" [_thread_in_native, id=11556, stack(0x0000003ed4200000,0x0000003ed4300000)]
  0x000001ab7a561000 JavaThread "ForkJoinPool.commonPool-worker-3" daemon [_thread_blocked, id=4792, stack(0x0000003ed3e00000,0x0000003ed3f00000)]
  0x000001ab7a216000 JavaThread "ForkJoinPool.commonPool-worker-5" daemon [_thread_blocked, id=13508, stack(0x0000003ed4400000,0x0000003ed4500000)]
  0x000001ab7a976800 JavaThread "AsyncHttpClient-1-1" daemon [_thread_blocked, id=13348, stack(0x0000003ed4600000,0x0000003ed4700000)]
  0x000001ab7adc0800 JavaThread "Exec Default Executor" daemon [_thread_in_native, id=1344, stack(0x0000003ed4800000,0x0000003ed4900000)]
  0x000001ab7aedc000 JavaThread "Driver Service Executor" daemon [_thread_blocked, id=15540, stack(0x0000003ed4900000,0x0000003ed4a00000)]
  0x000001ab7adf5800 JavaThread "Driver Service Executor" daemon [_thread_blocked, id=2280, stack(0x0000003ed4a00000,0x0000003ed4b00000)]
  0x000001ab7aed7000 JavaThread "Exec Stream Pumper" daemon [_thread_in_native, id=13468, stack(0x0000003ed4c00000,0x0000003ed4d00000)]
  0x000001ab7af98000 JavaThread "Exec Stream Pumper" daemon [_thread_in_native, id=14872, stack(0x0000003ed4d00000,0x0000003ed4e00000)]
  0x000001ab7af99000 JavaThread "AsyncHttpClient-1-2" daemon [_thread_in_native, id=4360, stack(0x0000003ed4e00000,0x0000003ed4f00000)]
  0x000001ab7af93800 JavaThread "AsyncHttpClient-1-3" daemon [_thread_in_native, id=5448, stack(0x0000003ed4f00000,0x0000003ed5000000)]
  0x000001ab7af9a000 JavaThread "AsyncHttpClient-1-4" daemon [_thread_in_native, id=4704, stack(0x0000003ed5000000,0x0000003ed5100000)]
  0x000001ab7a2c9800 JavaThread "AsyncHttpClient-1-5" daemon [_thread_in_native, id=3804, stack(0x0000003ed5600000,0x0000003ed5700000)]
  0x000001ab7a2c7000 JavaThread "UrlChecker-3" daemon [_thread_blocked, id=7512, stack(0x0000003ed2a00000,0x0000003ed2b00000)]
  0x000001ab7a2c4800 JavaThread "Keep-Alive-Timer" daemon [_thread_blocked, id=14364, stack(0x0000003ed2b00000,0x0000003ed2c00000)]
  0x000001ab7a2ca000 JavaThread "Exec Default Executor" daemon [_thread_in_native, id=8120, stack(0x0000003ed2c00000,0x0000003ed2d00000)]
  0x000001ab7a2c7800 JavaThread "Driver Service Executor" daemon [_thread_blocked, id=15168, stack(0x0000003ed4500000,0x0000003ed4600000)]
  0x000001ab7a2cb000 JavaThread "Driver Service Executor" daemon [_thread_blocked, id=13152, stack(0x0000003ed4700000,0x0000003ed4800000)]
  0x000001ab7a2c8800 JavaThread "Exec Stream Pumper" daemon [_thread_in_native, id=6860, stack(0x0000003ed4b00000,0x0000003ed4c00000)]
  0x000001ab7a2c5800 JavaThread "Exec Stream Pumper" daemon [_thread_in_native, id=10092, stack(0x0000003ed5100000,0x0000003ed5200000)]
  0x000001ab7a2cc000 JavaThread "AsyncHttpClient-1-6" daemon [_thread_in_native, id=8108, stack(0x0000003ed5200000,0x0000003ed5300000)]
  0x000001ab7a2c6000 JavaThread "AsyncHttpClient-1-7" daemon [_thread_in_native, id=14448, stack(0x0000003ed5300000,0x0000003ed5400000)]
  0x000001ab7a2ce000 JavaThread "AsyncHttpClient-1-8" daemon [_thread_in_native, id=10648, stack(0x0000003ed5400000,0x0000003ed5500000)]

Other Threads:
  0x000001ab78f86800 VMThread "VM Thread" [stack: 0x0000003ed3300000,0x0000003ed3400000] [id=7768]
  0x000001ab79a9b000 WatcherThread [stack: 0x0000003ed3c00000,0x0000003ed3d00000] [id=13788]
  0x000001ab67a3a800 GCTaskThread "GC Thread#0" [stack: 0x0000003ed2e00000,0x0000003ed2f00000] [id=13252]
  0x000001ab7a1a6000 GCTaskThread "GC Thread#1" [stack: 0x0000003ed3f00000,0x0000003ed4000000] [id=7632]
  0x000001ab7a1a0800 GCTaskThread "GC Thread#2" [stack: 0x0000003ed4000000,0x0000003ed4100000] [id=7540]
  0x000001ab7a1a7800 GCTaskThread "GC Thread#3" [stack: 0x0000003ed4300000,0x0000003ed4400000] [id=10972]
  0x000001ab69b7b800 ConcurrentGCThread "G1 Main Marker" [stack: 0x0000003ed2f00000,0x0000003ed3000000] [id=9500]
  0x000001ab69b81800 ConcurrentGCThread "G1 Conc#0" [stack: 0x0000003ed3000000,0x0000003ed3100000] [id=4152]
  0x000001ab69c0b800 ConcurrentGCThread "G1 Refine#0" [stack: 0x0000003ed3100000,0x0000003ed3200000] [id=10884]
  0x000001ab69c0d800 ConcurrentGCThread "G1 Young RemSet Sampling" [stack: 0x0000003ed3200000,0x0000003ed3300000] [id=10888]

Threads with active compile tasks:
C2 CompilerThread0  93559 2328       4       java.util.HashMap::resize (356 bytes)
C1 CompilerThread0  93559 2341       3       java.lang.StackTraceElement::toString (322 bytes)

VM state:not at safepoint (normal execution)

VM Mutex/Monitor currently owned by a thread: None

Heap address: 0x0000000082000000, size: 2016 MB, Compressed Oops mode: 32-bit
Narrow klass base: 0x0000000000000000, Narrow klass shift: 3
Compressed class space size: 1073741824 Address: 0x0000000100000000

Heap:
 garbage-first heap   total 129024K, used 80776K [0x0000000082000000, 0x0000000100000000)
  region size 1024K, 56 young (57344K), 4 survivors (4096K)
 Metaspace       used 31426K, capacity 32215K, committed 32384K, reserved 1077248K
  class space    used 3654K, capacity 3966K, committed 3968K, reserved 1048576K
Heap Regions: E=young(eden), S=young(survivor), O=old, HS=humongous(starts), HC=humongous(continues), CS=collection set, F=free, A=archive, TAMS=top-at-mark-start (previous, next)
|   0|0x0000000082000000, 0x0000000082100000, 0x0000000082100000|100%| O|  |TAMS 0x0000000082100000, 0x0000000082000000| Untracked 
|   1|0x0000000082100000, 0x0000000082200000, 0x0000000082200000|100%|HS|  |TAMS 0x0000000082200000, 0x0000000082100000| Complete 
|   2|0x0000000082200000, 0x0000000082300000, 0x0000000082300000|100%|HS|  |TAMS 0x0000000082300000, 0x0000000082200000| Complete 
|   3|0x0000000082300000, 0x0000000082400000, 0x0000000082400000|100%|HC|  |TAMS 0x0000000082400000, 0x0000000082300000| Complete 
|   4|0x0000000082400000, 0x0000000082500000, 0x0000000082500000|100%| O|  |TAMS 0x0000000082500000, 0x0000000082400000| Untracked 
|   5|0x0000000082500000, 0x0000000082600000, 0x0000000082600000|100%| O|  |TAMS 0x0000000082600000, 0x0000000082500000| Untracked 
|   6|0x0000000082600000, 0x0000000082700000, 0x0000000082700000|100%| O|  |TAMS 0x0000000082700000, 0x0000000082600000| Untracked 
|   7|0x0000000082700000, 0x0000000082800000, 0x0000000082800000|100%| O|  |TAMS 0x0000000082800000, 0x0000000082700000| Untracked 
|   8|0x0000000082800000, 0x0000000082900000, 0x0000000082900000|100%| O|  |TAMS 0x0000000082900000, 0x0000000082800000| Untracked 
|   9|0x0000000082900000, 0x000000008298f600, 0x0000000082a00000| 56%| O|  |TAMS 0x000000008298f600, 0x0000000082900000| Untracked 
|  10|0x0000000082a00000, 0x0000000082b00000, 0x0000000082b00000|100%|HS|  |TAMS 0x0000000082a00000, 0x0000000082a00000| Complete 
|  11|0x0000000082b00000, 0x0000000082c00000, 0x0000000082c00000|100%|HC|  |TAMS 0x0000000082b00000, 0x0000000082b00000| Complete 
|  12|0x0000000082c00000, 0x0000000082d00000, 0x0000000082d00000|100%|HC|  |TAMS 0x0000000082c00000, 0x0000000082c00000| Complete 
|  13|0x0000000082d00000, 0x0000000082e00000, 0x0000000082e00000|100%|HC|  |TAMS 0x0000000082d00000, 0x0000000082d00000| Complete 
|  14|0x0000000082e00000, 0x0000000082f00000, 0x0000000082f00000|100%|HC|  |TAMS 0x0000000082e00000, 0x0000000082e00000| Complete 
|  15|0x0000000082f00000, 0x0000000083000000, 0x0000000083000000|100%|HS|  |TAMS 0x0000000082f00000, 0x0000000082f00000| Complete 
|  16|0x0000000083000000, 0x0000000083100000, 0x0000000083100000|100%|HC|  |TAMS 0x0000000083000000, 0x0000000083000000| Complete 
|  17|0x0000000083100000, 0x0000000083200000, 0x0000000083200000|100%|HC|  |TAMS 0x0000000083100000, 0x0000000083100000| Complete 
|  18|0x0000000083200000, 0x0000000083300000, 0x0000000083300000|100%|HC|  |TAMS 0x0000000083200000, 0x0000000083200000| Complete 
|  19|0x0000000083300000, 0x0000000083400000, 0x0000000083400000|100%|HC|  |TAMS 0x0000000083300000, 0x0000000083300000| Complete 
|  20|0x0000000083400000, 0x0000000083500000, 0x0000000083500000|100%|HS|  |TAMS 0x0000000083400000, 0x0000000083400000| Complete 
|  21|0x0000000083500000, 0x0000000083600000, 0x0000000083600000|100%|HC|  |TAMS 0x0000000083500000, 0x0000000083500000| Complete 
|  22|0x0000000083600000, 0x0000000083700000, 0x0000000083700000|100%|HC|  |TAMS 0x0000000083600000, 0x0000000083600000| Complete 
|  23|0x0000000083700000, 0x0000000083800000, 0x0000000083800000|100%|HC|  |TAMS 0x0000000083700000, 0x0000000083700000| Complete 
|  24|0x0000000083800000, 0x0000000083900000, 0x0000000083900000|100%|HC|  |TAMS 0x0000000083800000, 0x0000000083800000| Complete 
|  25|0x0000000083900000, 0x0000000083900000, 0x0000000083a00000|  0%| F|  |TAMS 0x0000000083900000, 0x0000000083900000| Untracked 
|  26|0x0000000083a00000, 0x0000000083a00000, 0x0000000083b00000|  0%| F|  |TAMS 0x0000000083a00000, 0x0000000083a00000| Untracked 
|  27|0x0000000083b00000, 0x0000000083b00000, 0x0000000083c00000|  0%| F|  |TAMS 0x0000000083b00000, 0x0000000083b00000| Untracked 
|  28|0x0000000083c00000, 0x0000000083c00000, 0x0000000083d00000|  0%| F|  |TAMS 0x0000000083c00000, 0x0000000083c00000| Untracked 
|  29|0x0000000083d00000, 0x0000000083d00000, 0x0000000083e00000|  0%| F|  |TAMS 0x0000000083d00000, 0x0000000083d00000| Untracked 
|  30|0x0000000083e00000, 0x0000000083e00000, 0x0000000083f00000|  0%| F|  |TAMS 0x0000000083e00000, 0x0000000083e00000| Untracked 
|  31|0x0000000083f00000, 0x0000000083f00000, 0x0000000084000000|  0%| F|  |TAMS 0x0000000083f00000, 0x0000000083f00000| Untracked 
|  32|0x0000000084000000, 0x0000000084000000, 0x0000000084100000|  0%| F|  |TAMS 0x0000000084000000, 0x0000000084000000| Untracked 
|  33|0x0000000084100000, 0x0000000084100000, 0x0000000084200000|  0%| F|  |TAMS 0x0000000084100000, 0x0000000084100000| Untracked 
|  34|0x0000000084200000, 0x0000000084200000, 0x0000000084300000|  0%| F|  |TAMS 0x0000000084200000, 0x0000000084200000| Untracked 
|  35|0x0000000084300000, 0x0000000084300000, 0x0000000084400000|  0%| F|  |TAMS 0x0000000084300000, 0x0000000084300000| Untracked 
|  36|0x0000000084400000, 0x0000000084400000, 0x0000000084500000|  0%| F|  |TAMS 0x0000000084400000, 0x0000000084400000| Untracked 
|  37|0x0000000084500000, 0x0000000084500000, 0x0000000084600000|  0%| F|  |TAMS 0x0000000084500000, 0x0000000084500000| Untracked 
|  38|0x0000000084600000, 0x0000000084600000, 0x0000000084700000|  0%| F|  |TAMS 0x0000000084600000, 0x0000000084600000| Untracked 
|  39|0x0000000084700000, 0x0000000084700000, 0x0000000084800000|  0%| F|  |TAMS 0x0000000084700000, 0x0000000084700000| Untracked 
|  40|0x0000000084800000, 0x0000000084800000, 0x0000000084900000|  0%| F|  |TAMS 0x0000000084800000, 0x0000000084800000| Untracked 
|  41|0x0000000084900000, 0x0000000084900000, 0x0000000084a00000|  0%| F|  |TAMS 0x0000000084900000, 0x0000000084900000| Untracked 
|  42|0x0000000084a00000, 0x0000000084a00000, 0x0000000084b00000|  0%| F|  |TAMS 0x0000000084a00000, 0x0000000084a00000| Untracked 
|  43|0x0000000084b00000, 0x0000000084b00000, 0x0000000084c00000|  0%| F|  |TAMS 0x0000000084b00000, 0x0000000084b00000| Untracked 
|  44|0x0000000084c00000, 0x0000000084c00000, 0x0000000084d00000|  0%| F|  |TAMS 0x0000000084c00000, 0x0000000084c00000| Untracked 
|  45|0x0000000084d00000, 0x0000000084d00000, 0x0000000084e00000|  0%| F|  |TAMS 0x0000000084d00000, 0x0000000084d00000| Untracked 
|  46|0x0000000084e00000, 0x0000000084e00000, 0x0000000084f00000|  0%| F|  |TAMS 0x0000000084e00000, 0x0000000084e00000| Untracked 
|  47|0x0000000084f00000, 0x0000000084f00000, 0x0000000085000000|  0%| F|  |TAMS 0x0000000084f00000, 0x0000000084f00000| Untracked 
|  48|0x0000000085000000, 0x0000000085000000, 0x0000000085100000|  0%| F|  |TAMS 0x0000000085000000, 0x0000000085000000| Untracked 
|  49|0x0000000085100000, 0x0000000085100000, 0x0000000085200000|  0%| F|  |TAMS 0x0000000085100000, 0x0000000085100000| Untracked 
|  50|0x0000000085200000, 0x0000000085200000, 0x0000000085300000|  0%| F|  |TAMS 0x0000000085200000, 0x0000000085200000| Untracked 
|  51|0x0000000085300000, 0x0000000085300000, 0x0000000085400000|  0%| F|  |TAMS 0x0000000085300000, 0x0000000085300000| Untracked 
|  52|0x0000000085400000, 0x0000000085400000, 0x0000000085500000|  0%| F|  |TAMS 0x0000000085400000, 0x0000000085400000| Untracked 
|  53|0x0000000085500000, 0x0000000085500000, 0x0000000085600000|  0%| F|  |TAMS 0x0000000085500000, 0x0000000085500000| Untracked 
|  54|0x0000000085600000, 0x0000000085600000, 0x0000000085700000|  0%| F|  |TAMS 0x0000000085600000, 0x0000000085600000| Untracked 
|  55|0x0000000085700000, 0x0000000085700000, 0x0000000085800000|  0%| F|  |TAMS 0x0000000085700000, 0x0000000085700000| Untracked 
|  56|0x0000000085800000, 0x0000000085800000, 0x0000000085900000|  0%| F|  |TAMS 0x0000000085800000, 0x0000000085800000| Untracked 
|  57|0x0000000085900000, 0x0000000085900000, 0x0000000085a00000|  0%| F|  |TAMS 0x0000000085900000, 0x0000000085900000| Untracked 
|  58|0x0000000085a00000, 0x0000000085a00000, 0x0000000085b00000|  0%| F|  |TAMS 0x0000000085a00000, 0x0000000085a00000| Untracked 
|  59|0x0000000085b00000, 0x0000000085b00000, 0x0000000085c00000|  0%| F|  |TAMS 0x0000000085b00000, 0x0000000085b00000| Untracked 
|  60|0x0000000085c00000, 0x0000000085c00000, 0x0000000085d00000|  0%| F|  |TAMS 0x0000000085c00000, 0x0000000085c00000| Untracked 
|  61|0x0000000085d00000, 0x0000000085d00000, 0x0000000085e00000|  0%| F|  |TAMS 0x0000000085d00000, 0x0000000085d00000| Untracked 
|  62|0x0000000085e00000, 0x0000000085e00000, 0x0000000085f00000|  0%| F|  |TAMS 0x0000000085e00000, 0x0000000085e00000| Untracked 
|  63|0x0000000085f00000, 0x0000000085f00000, 0x0000000086000000|  0%| F|  |TAMS 0x0000000085f00000, 0x0000000085f00000| Untracked 
|  64|0x0000000086000000, 0x0000000086000000, 0x0000000086100000|  0%| F|  |TAMS 0x0000000086000000, 0x0000000086000000| Untracked 
|  65|0x0000000086100000, 0x0000000086100000, 0x0000000086200000|  0%| F|  |TAMS 0x0000000086100000, 0x0000000086100000| Untracked 
|  66|0x0000000086200000, 0x0000000086200000, 0x0000000086300000|  0%| F|  |TAMS 0x0000000086200000, 0x0000000086200000| Untracked 
|  67|0x0000000086300000, 0x0000000086300000, 0x0000000086400000|  0%| F|  |TAMS 0x0000000086300000, 0x0000000086300000| Untracked 
|  68|0x0000000086400000, 0x0000000086400000, 0x0000000086500000|  0%| F|  |TAMS 0x0000000086400000, 0x0000000086400000| Untracked 
|  69|0x0000000086500000, 0x0000000086500000, 0x0000000086600000|  0%| F|  |TAMS 0x0000000086500000, 0x0000000086500000| Untracked 
|  70|0x0000000086600000, 0x0000000086680800, 0x0000000086700000| 50%| E|  |TAMS 0x0000000086600000, 0x0000000086600000| Complete 
|  71|0x0000000086700000, 0x0000000086800000, 0x0000000086800000|100%| E|CS|TAMS 0x0000000086700000, 0x0000000086700000| Complete 
|  72|0x0000000086800000, 0x0000000086900000, 0x0000000086900000|100%| E|CS|TAMS 0x0000000086800000, 0x0000000086800000| Complete 
|  73|0x0000000086900000, 0x0000000086a00000, 0x0000000086a00000|100%| E|CS|TAMS 0x0000000086900000, 0x0000000086900000| Complete 
|  74|0x0000000086a00000, 0x0000000086b00000, 0x0000000086b00000|100%| E|CS|TAMS 0x0000000086a00000, 0x0000000086a00000| Complete 
|  75|0x0000000086b00000, 0x0000000086c00000, 0x0000000086c00000|100%| E|CS|TAMS 0x0000000086b00000, 0x0000000086b00000| Complete 
|  76|0x0000000086c00000, 0x0000000086d00000, 0x0000000086d00000|100%| E|CS|TAMS 0x0000000086c00000, 0x0000000086c00000| Complete 
|  77|0x0000000086d00000, 0x0000000086e00000, 0x0000000086e00000|100%| E|CS|TAMS 0x0000000086d00000, 0x0000000086d00000| Complete 
|  78|0x0000000086e00000, 0x0000000086f00000, 0x0000000086f00000|100%| E|CS|TAMS 0x0000000086e00000, 0x0000000086e00000| Complete 
|  79|0x0000000086f00000, 0x0000000087000000, 0x0000000087000000|100%| E|CS|TAMS 0x0000000086f00000, 0x0000000086f00000| Complete 
|  80|0x0000000087000000, 0x0000000087100000, 0x0000000087100000|100%| E|CS|TAMS 0x0000000087000000, 0x0000000087000000| Complete 
|  81|0x0000000087100000, 0x0000000087200000, 0x0000000087200000|100%| E|CS|TAMS 0x0000000087100000, 0x0000000087100000| Complete 
|  82|0x0000000087200000, 0x0000000087300000, 0x0000000087300000|100%| E|CS|TAMS 0x0000000087200000, 0x0000000087200000| Complete 
|  83|0x0000000087300000, 0x0000000087400000, 0x0000000087400000|100%| E|CS|TAMS 0x0000000087300000, 0x0000000087300000| Complete 
|  84|0x0000000087400000, 0x0000000087500000, 0x0000000087500000|100%| E|CS|TAMS 0x0000000087400000, 0x0000000087400000| Complete 
|  85|0x0000000087500000, 0x0000000087600000, 0x0000000087600000|100%| E|CS|TAMS 0x0000000087500000, 0x0000000087500000| Complete 
|  86|0x0000000087600000, 0x0000000087700000, 0x0000000087700000|100%| E|CS|TAMS 0x0000000087600000, 0x0000000087600000| Complete 
|  87|0x0000000087700000, 0x0000000087800000, 0x0000000087800000|100%| E|CS|TAMS 0x0000000087700000, 0x0000000087700000| Complete 
|  88|0x0000000087800000, 0x0000000087900000, 0x0000000087900000|100%| E|CS|TAMS 0x0000000087800000, 0x0000000087800000| Complete 
|  89|0x0000000087900000, 0x0000000087a00000, 0x0000000087a00000|100%| E|CS|TAMS 0x0000000087900000, 0x0000000087900000| Complete 
|  90|0x0000000087a00000, 0x0000000087b00000, 0x0000000087b00000|100%| E|CS|TAMS 0x0000000087a00000, 0x0000000087a00000| Complete 
|  91|0x0000000087b00000, 0x0000000087c00000, 0x0000000087c00000|100%| E|CS|TAMS 0x0000000087b00000, 0x0000000087b00000| Complete 
|  92|0x0000000087c00000, 0x0000000087d00000, 0x0000000087d00000|100%| E|CS|TAMS 0x0000000087c00000, 0x0000000087c00000| Complete 
|  93|0x0000000087d00000, 0x0000000087e00000, 0x0000000087e00000|100%| E|CS|TAMS 0x0000000087d00000, 0x0000000087d00000| Complete 
|  94|0x0000000087e00000, 0x0000000087f00000, 0x0000000087f00000|100%| E|CS|TAMS 0x0000000087e00000, 0x0000000087e00000| Complete 
|  95|0x0000000087f00000, 0x0000000088000000, 0x0000000088000000|100%| E|CS|TAMS 0x0000000087f00000, 0x0000000087f00000| Complete 
|  96|0x0000000088000000, 0x0000000088100000, 0x0000000088100000|100%| E|CS|TAMS 0x0000000088000000, 0x0000000088000000| Complete 
|  97|0x0000000088100000, 0x0000000088200000, 0x0000000088200000|100%| E|CS|TAMS 0x0000000088100000, 0x0000000088100000| Complete 
|  98|0x0000000088200000, 0x0000000088300000, 0x0000000088300000|100%| E|CS|TAMS 0x0000000088200000, 0x0000000088200000| Complete 
|  99|0x0000000088300000, 0x0000000088400000, 0x0000000088400000|100%| E|CS|TAMS 0x0000000088300000, 0x0000000088300000| Complete 
| 100|0x0000000088400000, 0x0000000088500000, 0x0000000088500000|100%| E|CS|TAMS 0x0000000088400000, 0x0000000088400000| Complete 
| 101|0x0000000088500000, 0x0000000088600000, 0x0000000088600000|100%| E|CS|TAMS 0x0000000088500000, 0x0000000088500000| Complete 
| 102|0x0000000088600000, 0x0000000088700000, 0x0000000088700000|100%| E|CS|TAMS 0x0000000088600000, 0x0000000088600000| Complete 
| 103|0x0000000088700000, 0x0000000088800000, 0x0000000088800000|100%| E|CS|TAMS 0x0000000088700000, 0x0000000088700000| Complete 
| 104|0x0000000088800000, 0x0000000088900000, 0x0000000088900000|100%| E|CS|TAMS 0x0000000088800000, 0x0000000088800000| Complete 
| 105|0x0000000088900000, 0x0000000088a00000, 0x0000000088a00000|100%| E|CS|TAMS 0x0000000088900000, 0x0000000088900000| Complete 
| 106|0x0000000088a00000, 0x0000000088b00000, 0x0000000088b00000|100%| E|CS|TAMS 0x0000000088a00000, 0x0000000088a00000| Complete 
| 107|0x0000000088b00000, 0x0000000088b52da0, 0x0000000088c00000| 32%| S|CS|TAMS 0x0000000088b00000, 0x0000000088b00000| Complete 
| 108|0x0000000088c00000, 0x0000000088d00000, 0x0000000088d00000|100%| S|CS|TAMS 0x0000000088c00000, 0x0000000088c00000| Complete 
| 109|0x0000000088d00000, 0x0000000088e00000, 0x0000000088e00000|100%| S|CS|TAMS 0x0000000088d00000, 0x0000000088d00000| Complete 
| 110|0x0000000088e00000, 0x0000000088f00000, 0x0000000088f00000|100%| S|CS|TAMS 0x0000000088e00000, 0x0000000088e00000| Complete 
| 111|0x0000000088f00000, 0x0000000089000000, 0x0000000089000000|100%| E|CS|TAMS 0x0000000088f00000, 0x0000000088f00000| Complete 
| 112|0x0000000089000000, 0x0000000089100000, 0x0000000089100000|100%| E|CS|TAMS 0x0000000089000000, 0x0000000089000000| Complete 
| 113|0x0000000089100000, 0x0000000089200000, 0x0000000089200000|100%| E|CS|TAMS 0x0000000089100000, 0x0000000089100000| Complete 
| 114|0x0000000089200000, 0x0000000089300000, 0x0000000089300000|100%| E|CS|TAMS 0x0000000089200000, 0x0000000089200000| Complete 
| 115|0x0000000089300000, 0x0000000089400000, 0x0000000089400000|100%| E|CS|TAMS 0x0000000089300000, 0x0000000089300000| Complete 
| 116|0x0000000089400000, 0x0000000089500000, 0x0000000089500000|100%| E|CS|TAMS 0x0000000089400000, 0x0000000089400000| Complete 
| 117|0x0000000089500000, 0x0000000089600000, 0x0000000089600000|100%| E|CS|TAMS 0x0000000089500000, 0x0000000089500000| Complete 
| 118|0x0000000089600000, 0x0000000089700000, 0x0000000089700000|100%| E|CS|TAMS 0x0000000089600000, 0x0000000089600000| Complete 
| 119|0x0000000089700000, 0x0000000089800000, 0x0000000089800000|100%| E|CS|TAMS 0x0000000089700000, 0x0000000089700000| Complete 
| 120|0x0000000089800000, 0x0000000089900000, 0x0000000089900000|100%| E|CS|TAMS 0x0000000089800000, 0x0000000089800000| Complete 
| 121|0x0000000089900000, 0x0000000089a00000, 0x0000000089a00000|100%| E|CS|TAMS 0x0000000089900000, 0x0000000089900000| Complete 
| 122|0x0000000089a00000, 0x0000000089b00000, 0x0000000089b00000|100%| E|CS|TAMS 0x0000000089a00000, 0x0000000089a00000| Complete 
| 123|0x0000000089b00000, 0x0000000089c00000, 0x0000000089c00000|100%| E|CS|TAMS 0x0000000089b00000, 0x0000000089b00000| Complete 
| 124|0x0000000089c00000, 0x0000000089d00000, 0x0000000089d00000|100%| E|CS|TAMS 0x0000000089c00000, 0x0000000089c00000| Complete 
| 125|0x0000000089d00000, 0x0000000089e00000, 0x0000000089e00000|100%| E|CS|TAMS 0x0000000089d00000, 0x0000000089d00000| Complete 

Card table byte_map: [0x000001ab723e0000,0x000001ab727d0000] _byte_map_base: 0x000001ab71fd0000

Marking Bits (Prev, Next): (CMBitMap*) 0x000001ab69b72d80, (CMBitMap*) 0x000001ab69b72d48
 Prev Bits: [0x000001ab74b40000, 0x000001ab76ac0000)
 Next Bits: [0x000001ab72bc0000, 0x000001ab74b40000)

Polling page: 0x000001ab69310000

Metaspace:

Usage:
  Non-class:     27.59 MB capacity,    27.12 MB ( 98%) used,   379.74 KB (  1%) free+waste,    96.25 KB ( <1%) overhead. 
      Class:      3.87 MB capacity,     3.57 MB ( 92%) used,   265.00 KB (  7%) free+waste,    46.88 KB (  1%) overhead. 
       Both:     31.46 MB capacity,    30.69 MB ( 98%) used,   644.74 KB (  2%) free+waste,   143.13 KB ( <1%) overhead. 

Virtual space:
  Non-class space:       28.00 MB reserved,      27.75 MB (>99%) committed 
      Class space:        1.00 GB reserved,       3.88 MB ( <1%) committed 
             Both:        1.03 GB reserved,      31.63 MB (  3%) committed 

Chunk freelists:
   Non-Class:  4.88 KB
       Class:  0 bytes
        Both:  4.88 KB

CodeHeap 'non-profiled nmethods': size=120064Kb used=934Kb max_used=934Kb free=119129Kb
 bounds [0x000001ab07ac0000, 0x000001ab07d30000, 0x000001ab0f000000]
CodeHeap 'profiled nmethods': size=120000Kb used=4528Kb max_used=4528Kb free=115471Kb
 bounds [0x000001ab00590000, 0x000001ab00a00000, 0x000001ab07ac0000]
CodeHeap 'non-nmethods': size=5696Kb used=1198Kb max_used=1232Kb free=4497Kb
 bounds [0x000001ab00000000, 0x000001ab00270000, 0x000001ab00590000]
 total_blobs=2887 nmethods=2333 adapters=465
 compilation: enabled
              stopped_count=0, restarted_count=0
 full_count=0

Compilation events (10 events):
Event: 93.490 Thread 0x000001ab78fd9000 nmethod 2335 0x000001ab009fac90 code [0x000001ab009fae40, 0x000001ab009fb0b8]
Event: 93.490 Thread 0x000001ab78fd9000 2337       3       java.lang.Character::hashCode (2 bytes)
Event: 93.490 Thread 0x000001ab78fd9000 nmethod 2337 0x000001ab009fb210 code [0x000001ab009fb3a0, 0x000001ab009fb478]
Event: 93.490 Thread 0x000001ab78fd9000 2336       3       java.lang.Character::hashCode (8 bytes)
Event: 93.490 Thread 0x000001ab78fd9000 nmethod 2336 0x000001ab009fb510 code [0x000001ab009fb6c0, 0x000001ab009fb818]
Event: 93.491 Thread 0x000001ab78fd9000 2339  s    3       java.lang.StringBuffer::append (15 bytes)
Event: 93.492 Thread 0x000001ab78fd9000 nmethod 2339 0x000001ab009fb910 code [0x000001ab009fbac0, 0x000001ab009fbd88]
Event: 93.492 Thread 0x000001ab78fd9000 2340       3       java.io.PrintWriter::println (5 bytes)
Event: 93.492 Thread 0x000001ab78fd9000 nmethod 2340 0x000001ab009fbe90 code [0x000001ab009fc040, 0x000001ab009fc168]
Event: 93.492 Thread 0x000001ab78fd9000 2341       3       java.lang.StackTraceElement::toString (322 bytes)

GC Heap History (8 events):
Event: 0.393 GC heap before
{Heap before GC invocations=0 (full 0):
 garbage-first heap   total 129024K, used 17408K [0x0000000082000000, 0x0000000100000000)
  region size 1024K, 14 young (14336K), 0 survivors (0K)
 Metaspace       used 5110K, capacity 5188K, committed 5376K, reserved 1056768K
  class space    used 441K, capacity 496K, committed 512K, reserved 1048576K
}
Event: 0.399 GC heap after
{Heap after GC invocations=1 (full 0):
 garbage-first heap   total 129024K, used 9870K [0x0000000082000000, 0x0000000100000000)
  region size 1024K, 2 young (2048K), 2 survivors (2048K)
 Metaspace       used 5110K, capacity 5188K, committed 5376K, reserved 1056768K
  class space    used 441K, capacity 496K, committed 512K, reserved 1048576K
}
Event: 0.850 GC heap before
{Heap before GC invocations=1 (full 0):
 garbage-first heap   total 129024K, used 21134K [0x0000000082000000, 0x0000000100000000)
  region size 1024K, 13 young (13312K), 2 survivors (2048K)
 Metaspace       used 11128K, capacity 11325K, committed 11392K, reserved 1058816K
  class space    used 1068K, capacity 1115K, committed 1152K, reserved 1048576K
}
Event: 0.855 GC heap after
{Heap after GC invocations=2 (full 0):
 garbage-first heap   total 129024K, used 10969K [0x0000000082000000, 0x0000000100000000)
  region size 1024K, 2 young (2048K), 2 survivors (2048K)
 Metaspace       used 11128K, capacity 11325K, committed 11392K, reserved 1058816K
  class space    used 1068K, capacity 1115K, committed 1152K, reserved 1048576K
}
Event: 1.640 GC heap before
{Heap before GC invocations=2 (full 0):
 garbage-first heap   total 129024K, used 38617K [0x0000000082000000, 0x0000000100000000)
  region size 1024K, 29 young (29696K), 2 survivors (2048K)
 Metaspace       used 16820K, capacity 17233K, committed 17408K, reserved 1064960K
  class space    used 1771K, capacity 1925K, committed 2048K, reserved 1048576K
}
Event: 1.645 GC heap after
{Heap after GC invocations=3 (full 0):
 garbage-first heap   total 129024K, used 12125K [0x0000000082000000, 0x0000000100000000)
  region size 1024K, 3 young (3072K), 3 survivors (3072K)
 Metaspace       used 16820K, capacity 17233K, committed 17408K, reserved 1064960K
  class space    used 1771K, capacity 1925K, committed 2048K, reserved 1048576K
}
Event: 1.976 GC heap before
{Heap before GC invocations=3 (full 0):
 garbage-first heap   total 129024K, used 26461K [0x0000000082000000, 0x0000000100000000)
  region size 1024K, 18 young (18432K), 3 survivors (3072K)
 Metaspace       used 20694K, capacity 21129K, committed 21296K, reserved 1069056K
  class space    used 2265K, capacity 2415K, committed 2432K, reserved 1048576K
}
Event: 1.982 GC heap after
{Heap after GC invocations=4 (full 0):
 garbage-first heap   total 129024K, used 13192K [0x0000000082000000, 0x0000000100000000)
  region size 1024K, 4 young (4096K), 4 survivors (4096K)
 Metaspace       used 20694K, capacity 21129K, committed 21296K, reserved 1069056K
  class space    used 2265K, capacity 2415K, committed 2432K, reserved 1048576K
}

Deoptimization events (10 events):
Event: 2.312 Thread 0x000001ab69b39800 Uncommon trap: reason=class_check action=maybe_recompile pc=0x000001ab07b5fe88 method=java.util.regex.Matcher.search(I)Z @ 121 c2
Event: 2.312 Thread 0x000001ab69b39800 Uncommon trap: reason=class_check action=maybe_recompile pc=0x000001ab07b5fe88 method=java.util.regex.Matcher.search(I)Z @ 121 c2
Event: 2.312 Thread 0x000001ab69b39800 Uncommon trap: reason=class_check action=maybe_recompile pc=0x000001ab07b5fe88 method=java.util.regex.Matcher.search(I)Z @ 121 c2
Event: 2.349 Thread 0x000001ab69b39800 Uncommon trap: reason=unstable_if action=reinterpret pc=0x000001ab07b47f30 method=java.lang.String.replace(CC)Ljava/lang/String; @ 2 c2
Event: 2.371 Thread 0x000001ab7aed6800 Uncommon trap: reason=unstable_if action=reinterpret pc=0x000001ab07b44744 method=java.lang.CharacterDataLatin1.digit(II)I @ 12 c2
Event: 2.938 Thread 0x000001ab69b39800 Uncommon trap: reason=unstable_if action=reinterpret pc=0x000001ab07b268ec method=jdk.internal.org.objectweb.asm.Type.getArgumentsAndReturnSizes(Ljava/lang/String;)I @ 41 c2
Event: 3.045 Thread 0x000001ab69b39800 Uncommon trap: reason=unstable_if action=reinterpret pc=0x000001ab07b57c18 method=java.io.ByteArrayInputStream.read([BII)I @ 35 c2
Event: 3.686 Thread 0x000001ab7af99000 Uncommon trap: reason=bimorphic_or_optimized_type_check action=maybe_recompile pc=0x000001ab07ae60a8 method=java.util.HashMap.getNode(ILjava/lang/Object;)Ljava/util/HashMap$Node; @ 59 c2
Event: 4.897 Thread 0x000001ab69b39800 Uncommon trap: reason=unstable_if action=reinterpret pc=0x000001ab07b3cc7c method=java.util.concurrent.ConcurrentHashMap.putVal(Ljava/lang/Object;Ljava/lang/Object;Z)Ljava/lang/Object; @ 256 c2
Event: 5.191 Thread 0x000001ab7af99000 Uncommon trap: reason=unstable_if action=reinterpret pc=0x000001ab07b527d4 method=java.io.ByteArrayInputStream.read()I @ 8 c2

Classes redefined (0 events):
No events

Internal exceptions (10 events):
Event: 4.859 Thread 0x000001ab69b39800 Exception <a 'java/lang/NoSuchMethodError'{0x0000000087a7d138}: java.lang.invoke.DirectMethodHandle$Holder.invokeSpecialIFC(Ljava/lang/Object;Ljava/lang/Object;Ljava/lang/Object;)Ljava/lang/Object;> (0x0000000087a7d138) thrown at [./open/src/hotspot/share
Event: 4.934 Thread 0x000001ab69b39800 Exception <a 'java/lang/ClassNotFoundException'{0x000000008783a9d8}: sun/util/logging/resources/spi/loggingProvider> (0x000000008783a9d8) thrown at [./open/src/hotspot/share/classfile/systemDictionary.cpp, line 228]
Event: 30.050 Thread 0x000001ab7aed6800 Exception <a 'java/net/SocketTimeoutException'{0x0000000088a17ee8}: connect timed out> (0x0000000088a17ee8) thrown at [./open/src/hotspot/share/prims/jni.cpp, line 632]
Event: 91.223 Thread 0x000001ab69b39800 Exception <a 'java/lang/ClassNotFoundException'{0x0000000086eacdd0}: sun/misc/SharedSecrets> (0x0000000086eacdd0) thrown at [./open/src/hotspot/share/classfile/systemDictionary.cpp, line 228]
Event: 91.764 Thread 0x000001ab7a2c7000 Exception <a 'java/net/SocketTimeoutException'{0x0000000086c7a000}: connect timed out> (0x0000000086c7a000) thrown at [./open/src/hotspot/share/prims/jni.cpp, line 632]
Event: 91.780 Thread 0x000001ab69b39800 Exception <a 'java/lang/NoSuchMethodError'{0x0000000086ed44e8}: java.lang.invoke.DirectMethodHandle$Holder.invokeVirtual(Ljava/lang/Object;Ljava/lang/Object;)V> (0x0000000086ed44e8) thrown at [./open/src/hotspot/share/interpreter/linkResolver.cpp, line 77
Event: 91.782 Thread 0x000001ab69b39800 Exception <a 'java/lang/NullPointerException'{0x0000000086ed9018}> (0x0000000086ed9018) thrown at [./open/src/hotspot/share/interpreter/linkResolver.cpp, line 1354]
Event: 91.782 Thread 0x000001ab69b39800 Exception <a 'java/lang/reflect/InvocationTargetException'{0x0000000086ed9590}> (0x0000000086ed9590) thrown at [./open/src/hotspot/share/runtime/reflection.cpp, line 1242]
Event: 92.343 Thread 0x000001ab7a2c7000 Exception <a 'java/net/SocketTimeoutException'{0x0000000086c7af98}: connect timed out> (0x0000000086c7af98) thrown at [./open/src/hotspot/share/prims/jni.cpp, line 632]
Event: 93.445 Thread 0x000001ab69b39800 Exception <a 'java/lang/reflect/InvocationTargetException'{0x00000000869cdf98}> (0x00000000869cdf98) thrown at [./open/src/hotspot/share/runtime/reflection.cpp, line 1242]

Events (10 events):
Event: 93.473 loading class sun/util/resources/cldr/TimeZoneNames_en
Event: 93.475 loading class sun/util/resources/cldr/TimeZoneNames_en done
Event: 93.475 loading class sun/util/resources/cldr/TimeZoneNames_en_US
Event: 93.475 loading class sun/util/resources/cldr/TimeZoneNames_en_US done
Event: 93.482 loading class sun/util/resources/TimeZoneNames
Event: 93.483 loading class sun/util/resources/TimeZoneNames done
Event: 93.483 loading class sun/util/resources/TimeZoneNames_en
Event: 93.484 loading class sun/util/resources/TimeZoneNames_en done
Event: 93.487 loading class org/testng/internal/Utils$StackTraceType
Event: 93.487 loading class org/testng/internal/Utils$StackTraceType done


Dynamic libraries:
0x00007ff6cb180000 - 0x00007ff6cb18f000 	C:\Program Files\Java\jdk-11.0.12\bin\javaw.exe
0x00007ffac8030000 - 0x00007ffac8225000 	C:\Windows\SYSTEM32\ntdll.dll
0x00007ffac69b0000 - 0x00007ffac6a6d000 	C:\Windows\System32\KERNEL32.DLL
0x00007ffac5810000 - 0x00007ffac5add000 	C:\Windows\System32\KERNELBASE.dll
0x00007ffac5c90000 - 0x00007ffac5d90000 	C:\Windows\System32\ucrtbase.dll
0x00007ffac0360000 - 0x00007ffac0375000 	C:\Program Files\Java\jdk-11.0.12\bin\VCRUNTIME140.dll
0x00007ffac1260000 - 0x00007ffac1278000 	C:\Program Files\Java\jdk-11.0.12\bin\jli.dll
0x00007ffac6900000 - 0x00007ffac69ae000 	C:\Windows\System32\ADVAPI32.dll
0x00007ffac7870000 - 0x00007ffac790e000 	C:\Windows\System32\msvcrt.dll
0x00007ffac77d0000 - 0x00007ffac786c000 	C:\Windows\System32\sechost.dll
0x00007ffac67d0000 - 0x00007ffac68f5000 	C:\Windows\System32\RPCRT4.dll
0x00007ffac7630000 - 0x00007ffac77d0000 	C:\Windows\System32\USER32.dll
0x00007ffac57e0000 - 0x00007ffac5802000 	C:\Windows\System32\win32u.dll
0x00007ffac6510000 - 0x00007ffac653a000 	C:\Windows\System32\GDI32.dll
0x00007ffac5d90000 - 0x00007ffac5e9b000 	C:\Windows\System32\gdi32full.dll
0x00007ffac5740000 - 0x00007ffac57dd000 	C:\Windows\System32\msvcp_win.dll
0x00007ffab0f30000 - 0x00007ffab11ca000 	C:\Windows\WinSxS\amd64_microsoft.windows.common-controls_6595b64144ccf1df_6.0.19041.1110_none_60b5254171f9507e\COMCTL32.dll
0x00007ffabed70000 - 0x00007ffabed7a000 	C:\Windows\SYSTEM32\VERSION.dll
0x00007ffac7910000 - 0x00007ffac7940000 	C:\Windows\System32\IMM32.DLL
0x00007ffa92720000 - 0x00007ffa927bb000 	C:\Program Files\Java\jdk-11.0.12\bin\msvcp140.dll
0x00007ffa80dc0000 - 0x00007ffa818bf000 	C:\Program Files\Java\jdk-11.0.12\bin\server\jvm.dll
0x00007ffac6080000 - 0x00007ffac6088000 	C:\Windows\System32\PSAPI.DLL
0x00007ffac1290000 - 0x00007ffac1299000 	C:\Windows\SYSTEM32\WSOCK32.dll
0x00007ffac6540000 - 0x00007ffac65ab000 	C:\Windows\System32\WS2_32.dll
0x00007ffaacbe0000 - 0x00007ffaacc07000 	C:\Windows\SYSTEM32\WINMM.dll
0x00007ffac4020000 - 0x00007ffac4032000 	C:\Windows\SYSTEM32\kernel.appcore.dll
0x00007ffabeb70000 - 0x00007ffabeb80000 	C:\Program Files\Java\jdk-11.0.12\bin\verify.dll
0x00007ffac3530000 - 0x00007ffac3714000 	C:\Windows\SYSTEM32\DBGHELP.DLL
0x00007ffaaceb0000 - 0x00007ffaacedc000 	C:\Windows\SYSTEM32\dbgcore.DLL
0x00007ffac5ae0000 - 0x00007ffac5b62000 	C:\Windows\System32\bcryptPrimitives.dll
0x00007ffaae3b0000 - 0x00007ffaae3d8000 	C:\Program Files\Java\jdk-11.0.12\bin\java.dll
0x00007ffabe750000 - 0x00007ffabe75a000 	C:\Program Files\Java\jdk-11.0.12\bin\jimage.dll
0x00007ffab4310000 - 0x00007ffab4326000 	C:\Program Files\Java\jdk-11.0.12\bin\zip.dll
0x00007ffac6e30000 - 0x00007ffac7574000 	C:\Windows\System32\SHELL32.dll
0x00007ffac3720000 - 0x00007ffac3eb4000 	C:\Windows\SYSTEM32\windows.storage.dll
0x00007ffac7c70000 - 0x00007ffac7fc4000 	C:\Windows\System32\combase.dll
0x00007ffac51a0000 - 0x00007ffac51cc000 	C:\Windows\SYSTEM32\Wldp.dll
0x00007ffac7580000 - 0x00007ffac762d000 	C:\Windows\System32\SHCORE.dll
0x00007ffac7af0000 - 0x00007ffac7b45000 	C:\Windows\System32\shlwapi.dll
0x00007ffac5680000 - 0x00007ffac569f000 	C:\Windows\SYSTEM32\profapi.dll
0x00007ffab24c0000 - 0x00007ffab24d9000 	C:\Program Files\Java\jdk-11.0.12\bin\net.dll
0x00007ffab0bd0000 - 0x00007ffab0cda000 	C:\Windows\SYSTEM32\WINHTTP.dll
0x00007ffac4f00000 - 0x00007ffac4f6a000 	C:\Windows\system32\mswsock.dll
0x00007ffab2030000 - 0x00007ffab2042000 	C:\Program Files\Java\jdk-11.0.12\bin\nio.dll
0x00007ffac4bf0000 - 0x00007ffac4cbb000 	C:\Windows\SYSTEM32\DNSAPI.dll
0x00007ffac4ba0000 - 0x00007ffac4bdb000 	C:\Windows\SYSTEM32\IPHLPAPI.DLL
0x00007ffac6760000 - 0x00007ffac6768000 	C:\Windows\System32\NSI.dll
0x00007ffaaef40000 - 0x00007ffaaef4a000 	C:\Windows\System32\rasadhlp.dll
0x00007ffaaf5a0000 - 0x00007ffaaf620000 	C:\Windows\System32\fwpuclnt.dll
0x00007ffac6050000 - 0x00007ffac6077000 	C:\Windows\System32\bcrypt.dll
0x00007ffac50f0000 - 0x00007ffac5108000 	C:\Windows\SYSTEM32\CRYPTSP.dll
0x00007ffac4810000 - 0x00007ffac4844000 	C:\Windows\system32\rsaenh.dll
0x00007ffac5640000 - 0x00007ffac566e000 	C:\Windows\SYSTEM32\USERENV.dll
0x00007ffac5110000 - 0x00007ffac511c000 	C:\Windows\SYSTEM32\CRYPTBASE.dll
0x00007ffab9ce0000 - 0x00007ffab9cf7000 	C:\Windows\SYSTEM32\dhcpcsvc6.DLL
0x00007ffabc640000 - 0x00007ffabc65d000 	C:\Windows\SYSTEM32\dhcpcsvc.DLL
0x00007ffac12b0000 - 0x00007ffac12b9000 	C:\Program Files\Java\jdk-11.0.12\bin\management.dll
0x00007ffac12a0000 - 0x00007ffac12ab000 	C:\Program Files\Java\jdk-11.0.12\bin\management_ext.dll
0x00007ffac0630000 - 0x00007ffac063d000 	C:\Program Files\Java\jdk-11.0.12\bin\sunmscapi.dll
0x00007ffac5ef0000 - 0x00007ffac6046000 	C:\Windows\System32\CRYPT32.dll
0x00007ffac5210000 - 0x00007ffac5237000 	C:\Windows\SYSTEM32\ncrypt.dll
0x00007ffac51d0000 - 0x00007ffac520b000 	C:\Windows\SYSTEM32\NTASN1.dll
0x00007ffa9c1c0000 - 0x00007ffa9c1e5000 	C:\Program Files\Java\jdk-11.0.12\bin\sunec.dll
0x00007ffac1230000 - 0x00007ffac1247000 	C:\Windows\system32\napinsp.dll
0x00007ffac1210000 - 0x00007ffac122b000 	C:\Windows\system32\pnrpnsp.dll
0x00007ffac0690000 - 0x00007ffac06a5000 	C:\Windows\system32\wshbth.dll
0x00007ffac1170000 - 0x00007ffac118d000 	C:\Windows\system32\NLAapi.dll
0x00007ffac11f0000 - 0x00007ffac1202000 	C:\Windows\System32\winrnr.dll

dbghelp: loaded successfully - version: 4.0.5 - missing functions: none
symbol engine: initialized successfully - sym options: 0x614 - pdb path: .;C:\Program Files\Java\jdk-11.0.12\bin;C:\Windows\SYSTEM32;C:\Windows\WinSxS\amd64_microsoft.windows.common-controls_6595b64144ccf1df_6.0.19041.1110_none_60b5254171f9507e;C:\Program Files\Java\jdk-11.0.12\bin\server

VM Arguments:
jvm_args: -ea -Dfile.encoding=Cp1252 
java_command: org.testng.remote.RemoteTestNG -serport 59056 -protocol json -d C:\Users\sneha\eclipse-workspace\Selenium_Study\test-output C:\Users\sneha\AppData\Local\Temp\testng-eclipse--1970628695\testng-customsuite.xml
java_class_path (initial): C:\Users\sneha\eclipse\java-2021-12\eclipse\configuration\org.eclipse.osgi\432\0\.cp\lib\testng-remote.jar;C:\Users\sneha\eclipse-workspace\Selenium_Study\bin;E:\selenium-java-4.1.3 (1)\async-http-client-2.12.3.jar;E:\selenium-java-4.1.3 (1)\async-http-client-netty-utils-2.12.3.jar;E:\selenium-java-4.1.3 (1)\auto-common-1.2.1.jar;E:\selenium-java-4.1.3 (1)\auto-service-1.0.1.jar;E:\selenium-java-4.1.3 (1)\auto-service-annotations-1.0.1.jar;E:\selenium-java-4.1.3 (1)\byte-buddy-1.12.8.jar;E:\selenium-java-4.1.3 (1)\checker-qual-3.12.0.jar;E:\selenium-java-4.1.3 (1)\commons-exec-1.3.jar;E:\selenium-java-4.1.3 (1)\error_prone_annotations-2.11.0.jar;E:\selenium-java-4.1.3 (1)\failsafe-3.2.3.jar;E:\selenium-java-4.1.3 (1)\failureaccess-1.0.1.jar;E:\selenium-java-4.1.3 (1)\guava-31.1-jre.jar;E:\selenium-java-4.1.3 (1)\j2objc-annotations-1.3.jar;E:\selenium-java-4.1.3 (1)\jakarta.activation-1.2.2.jar;E:\selenium-java-4.1.3 (1)\jcommander-1.82.jar;E:\selenium-java-4.1.3 (1)\jsr305-3.0.2.jar;E:\selenium-java-4.1.3 (1)\jtoml-2.0.0.jar;E:\selenium-java-4.1.3 (1)\listenablefuture-9999.0-empty-to-avoid-conflict-with-guava.jar;E:\selenium-java-4.1.3 (1)\netty-buffer-4.1.75.Final.jar;E:\selenium-java-4.1.3 (1)\netty-codec-4.1.75.Final.jar;E:\selenium-java-4.1.3 (1)\netty-codec-http-4.1.75.Final.jar;E:\selenium-java-4.1.3 (1)\netty-codec-socks-4.1.75.Final.jar;E:\selenium-java-4.1.3 (1)\netty-common-4.1.75.Final.jar;E:\selenium-java-4.1.3 (1)\netty-handler-4.1.75.Final.jar;E:\selenium-java-4.1.3 (1)\netty-handler-proxy-4.1.75.Final.jar;E:\selenium-java-4.1.3 (1)\netty-reactive-streams-2.0.4.jar;E:\selenium-java-4.1.3 (1)\netty-resolver-4.1.75.Final.jar;E:\selenium-java-4.1.3 (1)\netty-transport-4.1.75.Final.jar;E:\selenium-java-4.1.3 (1)\netty-transport-classes-epoll-4.1.75.Final.jar;E:\selenium-java-4.1.3 (1)\netty-transport-classes-kqueue-4.1.75.Final.jar;E:\selenium-java-4.1.3 (1)\netty-transport-native-epoll-4.1.75.Final.jar;E:\selenium-java-4.1.3 (
Launcher Type: SUN_STANDARD

[Global flags]
     intx CICompilerCount                          = 3                                         {product} {ergonomic}
     uint ConcGCThreads                            = 1                                         {product} {ergonomic}
     uint G1ConcRefinementThreads                  = 4                                         {product} {ergonomic}
   size_t G1HeapRegionSize                         = 1048576                                   {product} {ergonomic}
    uintx GCDrainStackTargetSize                   = 64                                        {product} {ergonomic}
   size_t InitialHeapSize                          = 132120576                                 {product} {ergonomic}
   size_t MarkStackSize                            = 4194304                                   {product} {ergonomic}
   size_t MaxHeapSize                              = 2113929216                                {product} {ergonomic}
   size_t MaxNewSize                               = 1267728384                                {product} {ergonomic}
   size_t MinHeapDeltaBytes                        = 1048576                                   {product} {ergonomic}
    uintx NonNMethodCodeHeapSize                   = 5830732                                {pd product} {ergonomic}
    uintx NonProfiledCodeHeapSize                  = 122913754                              {pd product} {ergonomic}
    uintx ProfiledCodeHeapSize                     = 122913754                              {pd product} {ergonomic}
    uintx ReservedCodeCacheSize                    = 251658240                              {pd product} {ergonomic}
     bool SegmentedCodeCache                       = true                                      {product} {ergonomic}
     bool UseCompressedClassPointers               = true                                 {lp64_product} {ergonomic}
     bool UseCompressedOops                        = true                                 {lp64_product} {ergonomic}
     bool UseG1GC                                  = true                                      {product} {ergonomic}
     bool UseLargePagesIndividualAllocation        = false                                  {pd product} {ergonomic}

Logging:
Log output configuration:
 #0: stdout all=warning uptime,level,tags
 #1: stderr all=off uptime,level,tags

Environment Variables:
PATH=C:\Program Files\Common Files\Oracle\Java\javapath;C:\Windows\system32;C:\Windows;C:\Windows\System32\Wbem;C:\Windows\System32\WindowsPowerShell\v1.0\;C:\Windows\System32\OpenSSH\;C:\Program Files\Microsoft SQL Server\Client SDK\ODBC\170\Tools\Binn\;C:\Program Files (x86)\Microsoft SQL Server\150\Tools\Binn\;C:\Program Files\Microsoft SQL Server\150\Tools\Binn\;C:\Program Files\Microsoft SQL Server\150\DTS\Binn\;C:\Program Files (x86)\Microsoft SQL Server\150\DTS\Binn\;C:\Program Files\Azure Data Studio\bin;C:\Users\sneha\AppData\Local\Microsoft\WindowsApps;;C:\Program Files\Azure Data Studio\bin
USERNAME=sneha
OS=Windows_NT
PROCESSOR_IDENTIFIER=Intel64 Family 6 Model 142 Stepping 9, GenuineIntel



---------------  S Y S T E M  ---------------

OS: Windows 10 , 64 bit Build 19041 (10.0.19041.1706)

CPU:total 4 (initial active 4) (2 cores per cpu, 2 threads per core) family 6 model 142 stepping 9 microcode 0xb4, cmov, cx8, fxsr, mmx, sse, sse2, sse3, ssse3, sse4.1, sse4.2, popcnt, avx, avx2, aes, clmul, erms, 3dnowpref, lzcnt, ht, tsc, tscinvbit, bmi1, bmi2, adx, fma

Memory: 4k page, system-wide physical 8060M (1388M free)
TotalPageFile size 17835M (AvailPageFile size 31M)
current process WorkingSet (physical memory assigned to process): 179M, peak: 179M
current process commit charge ("private bytes"): 267M, peak: 270M

vm_info: Java HotSpot(TM) 64-Bit Server VM (11.0.12+8-LTS-237) for windows-amd64 JRE (11.0.12+8-LTS-237), built on Jun  8 2021 11:25:59 by "mach5one" with MS VC++ 15.9 (VS2017)

END.
